<?xml version="1.0" encoding="UTF-8"?>
<!-- Generated by org.testng.reporters.JUnitReportReporter -->
<testsuite hostname="PUNITP275201L" failures="0" tests="3" name="stepDef3.TestRunner" time="4.195" errors="0" timestamp="2020-12-09T09:36:16 IST" skipped="0">
  <testcase classname="stepDef3.TestRunner" name="validate_the_response_and_log_it_on_console" time="0.855"/>
  <system-out/>
  <testcase classname="stepDef3.TestRunner" name="posted_with_correct_information" time="2.315"/>
  <system-out/>
  <testcase classname="stepDef3.TestRunner" name="api_for_foreign_exchange" time="1.025"/>
  <system-out/>
</testsuite> <!-- stepDef3.TestRunner -->
