<?xml version="1.0" encoding="UTF-8"?>
<!-- Generated by org.testng.reporters.JUnitReportReporter -->
<testsuite hostname="PUNITP275201L" failures="0" tests="3" name="stepDef2.TestRunner" time="3.361" errors="0" timestamp="2020-12-09T09:26:05 IST" skipped="0">
  <testcase classname="stepDef2.TestRunner" name="passed_valid_values_from_get_method" time="2.250"/>
  <system-out/>
  <testcase classname="stepDef2.TestRunner" name="validate_the_response_received_from_the_response_body" time="0.117"/>
  <system-out/>
  <testcase classname="stepDef2.TestRunner" name="api_for_foreign_exchange" time="0.994"/>
  <system-out/>
</testsuite> <!-- stepDef2.TestRunner -->
