<?xml version="1.0" encoding="UTF-8"?>
<!-- Generated by org.testng.reporters.JUnitReportReporter -->
<testsuite hostname="PUNITP275201L" failures="0" tests="4" name="stepDef9.TestRunner" time="3.748" errors="0" timestamp="2020-12-09T11:11:19 IST" skipped="0">
  <testcase classname="stepDef9.TestRunner" name="posted_with_future_date_value" time="0.591"/>
  <system-out/>
  <testcase classname="stepDef9.TestRunner" name="api_for_foreign_exchange" time="0.917"/>
  <system-out/>
  <testcase classname="stepDef9.TestRunner" name="posted_with_future_date_value" time="2.232"/>
  <system-out/>
  <testcase classname="stepDef9.TestRunner" name="validate_positive_response_code" time="0.008"/>
  <system-out/>
</testsuite> <!-- stepDef9.TestRunner -->
