<?xml version="1.0" encoding="UTF-8"?>
<!-- Generated by org.testng.reporters.JUnitReportReporter -->
<testsuite hostname="PUNITP275201L" failures="0" tests="3" name="stepDef7.TestRunner" time="4.146" errors="0" timestamp="2020-12-09T10:44:44 IST" skipped="0">
  <testcase classname="stepDef7.TestRunner" name="validate_positive_response_code_received" time="0.850"/>
  <system-out/>
  <testcase classname="stepDef7.TestRunner" name="api_for_foreign_Exchange" time="0.935"/>
  <system-out/>
  <testcase classname="stepDef7.TestRunner" name="posted_with_future_date_information" time="2.361"/>
  <system-out/>
</testsuite> <!-- stepDef7.TestRunner -->
