<?xml version="1.0" encoding="UTF-8"?>
<!-- Generated by org.testng.reporters.JUnitReportReporter -->
<testsuite hostname="PUNITP275201L" failures="0" tests="3" name="stepDef5.TestRunner" time="3.284" errors="0" timestamp="2020-12-09T10:36:30 IST" skipped="0">
  <testcase classname="stepDef5.TestRunner" name="posted_with_future_date_information" time="2.337"/>
  <system-out/>
  <testcase classname="stepDef5.TestRunner" name="validate_positive_response_code_received" time="0.006"/>
  <system-out/>
  <testcase classname="stepDef5.TestRunner" name="api_for_foreign_Exchange" time="0.941"/>
  <system-out/>
</testsuite> <!-- stepDef5.TestRunner -->
