<?xml version="1.0" encoding="UTF-8"?>
<!-- Generated by org.testng.reporters.JUnitReportReporter -->
<testsuite hostname="PUNITP275201L" failures="0" tests="4" name="stepDef4.TestRunner" time="3.338" errors="0" timestamp="2020-12-09T10:08:19 IST" skipped="0">
  <testcase classname="stepDef4.TestRunner" name="posted_with_future_date_value" time="0.297"/>
  <system-out/>
  <testcase classname="stepDef4.TestRunner" name="api_for_foreign_exchange" time="0.965"/>
  <system-out/>
  <testcase classname="stepDef4.TestRunner" name="posted_with_future_date_value" time="2.071"/>
  <system-out/>
  <testcase classname="stepDef4.TestRunner" name="validate_positive_response_code_received" time="0.005"/>
  <system-out/>
</testsuite> <!-- stepDef4.TestRunner -->
