<?xml version="1.0" encoding="UTF-8"?>
<!-- Generated by org.testng.reporters.JUnitReportReporter -->
<testsuite hostname="PUNITP275201L" failures="0" tests="3" name="stepDef1.TestRunner" time="4.787" errors="0" timestamp="2020-12-09T09:18:38 IST" skipped="0">
  <testcase classname="stepDef1.TestRunner" name="api_for_foreign_exchange" time="1.449"/>
  <system-out/>
  <testcase classname="stepDef1.TestRunner" name="posted_with_corect_information" time="3.195"/>
  <system-out/>
  <testcase classname="stepDef1.TestRunner" name="validate_positive_response_code_received" time="0.143"/>
  <system-out/>
</testsuite> <!-- stepDef1.TestRunner -->
