<?xml version="1.0" encoding="UTF-8"?>
<!-- Generated by org.testng.reporters.JUnitReportReporter -->
<testsuite hostname="PUNITP275201L" failures="0" tests="3" name="stepDef8.TestRunner" time="4.111" errors="0" timestamp="2020-12-09T11:00:49 IST" skipped="0">
  <testcase classname="stepDef8.TestRunner" name="validate_postive_response_code_received" time="0.774"/>
  <system-out/>
  <testcase classname="stepDef8.TestRunner" name="posted_with_correct_Information" time="2.431"/>
  <system-out/>
  <testcase classname="stepDef8.TestRunner" name="api_for_foreign_Exchange" time="0.906"/>
  <system-out/>
</testsuite> <!-- stepDef8.TestRunner -->
